Creating backup of the repository...
Backup created at ../code-switch-thesis-backup-20250402
Setting up external dependencies if not already present...
Creating modular scripts with numbered prefixes...
Cleaning up src directory...
Cleaning up data directory...
Clean-up complete! Repository structure now follows the recommended guidelines.
Please review the changes and check that everything is working correctly.
If there are any issues, you can restore from the backup at ../code-switch-thesis-backup-20250402

IMPORTANT: Make sure to download the RTP-LX dataset and ezswitch library if they're not already present.
  RTP-LX: mkdir -p data/RTP-LX
          wget https://github.com/microsoft/RTP-LX/raw/main/RTP-LX/RTP-LX.zip -O data/RTP-LX/RTP-LX.zip
          unzip data/RTP-LX/RTP-LX.zip -d data/RTP-LX/
  ezswitch: git clone https://github.com/gkuwanto/ezswitch.git
            cd ezswitch && pip install -e . && cd ..

JOB STATISTICS
==============
Job ID: 10934223
Cluster: snellius
User/Group: tchakravorty/tchakravorty
State: RUNNING
Nodes: 1
Cores per node: 16
CPU Utilized: 00:00:00
CPU Efficiency: 0.00% of 00:04:48 core-walltime
Job Wall-clock time: 00:00:18
Memory Utilized: 0.00 MB
Memory Efficiency: 0.00% of 28.00 GB (1.75 GB/core)
WARNING: Efficiency statistics can only be obtained after the job has ended as seff tool is based on the accounting database data.
