============================================================================================== 
Warning! Mixing Conda and module environments may lead to corruption of the
user environment. 
We do not recommend users mixing those two environments unless absolutely
necessary. Note that 
SURF does not provide any support for Conda environment.
For more information, please refer to our software policy page:
https://servicedesk.surf.nl/wiki/display/WIKI/Software+policy+Snellius#SoftwarepolicySnellius-UseofAnacondaandMinicondaenvironmentsonSnellius 

Remember that many packages have already been installed on the system and can
be loaded using 
the 'module load <package__name>' command. If you are uncertain if a package is
already available 
on the system, please use 'module avail' or 'module spider' to search for it.
============================================================================================== 
Skipping invalid JSON line: Expecting value: line 1 column 1 (char 0)
Skipping invalid JSON line: Expecting value: line 1 column 1 (char 0)
Skipping invalid JSON line: Expecting value: line 1 column 1 (char 0)
Skipping invalid JSON line: Expecting value: line 1 column 1 (char 0)
Skipping invalid JSON line: Expecting value: line 1 column 1 (char 0)
Skipping invalid JSON line: Expecting value: line 1 column 1 (char 0)
Skipping invalid JSON line: Expecting value: line 1 column 1 (char 0)
Skipping invalid JSON line: Expecting value: line 1 column 1 (char 0)
Skipping invalid JSON line: Expecting value: line 1 column 1 (char 0)
Skipping invalid JSON line: Expecting value: line 1 column 1 (char 0)
Skipping invalid JSON line: Expecting value: line 1 column 1 (char 0)
Skipping invalid JSON line: Expecting value: line 1 column 1 (char 0)
Skipping invalid JSON line: Expecting value: line 1 column 1 (char 0)
Skipping invalid JSON line: Expecting value: line 1 column 1 (char 0)
Skipping invalid JSON line: Expecting value: line 1 column 1 (char 0)
Skipping invalid JSON line: Expecting value: line 1 column 1 (char 0)
Skipping invalid JSON line: Expecting value: line 1 column 1 (char 0)
Skipping invalid JSON line: Expecting value: line 1 column 1 (char 0)
Skipping invalid JSON line: Expecting value: line 1 column 1 (char 0)
Skipping invalid JSON line: Expecting value: line 1 column 1 (char 0)
Skipping invalid JSON line: Expecting value: line 1 column 1 (char 0)
Skipping invalid JSON line: Expecting value: line 1 column 1 (char 0)
Skipping invalid JSON line: Expecting value: line 1 column 1 (char 0)
Skipping invalid JSON line: Expecting value: line 1 column 1 (char 0)
Skipping invalid JSON line: Expecting value: line 1 column 1 (char 0)
Skipping invalid JSON line: Expecting value: line 1 column 1 (char 0)
Skipping invalid JSON line: Expecting value: line 1 column 1 (char 0)
Skipping invalid JSON line: Expecting value: line 1 column 1 (char 0)
Skipping invalid JSON line: Expecting value: line 1 column 1 (char 0)
Skipping invalid JSON line: Expecting value: line 1 column 1 (char 0)
Skipping invalid JSON line: Expecting value: line 1 column 1 (char 0)
Skipping invalid JSON line: Expecting value: line 1 column 1 (char 0)
Skipping invalid JSON line: Expecting value: line 1 column 1 (char 0)
Skipping invalid JSON line: Expecting value: line 1 column 1 (char 0)
Skipping invalid JSON line: Expecting value: line 1 column 1 (char 0)
Skipping invalid JSON line: Expecting value: line 1 column 1 (char 0)
Skipping invalid JSON line: Expecting value: line 1 column 1 (char 0)
Skipping invalid JSON line: Expecting value: line 1 column 1 (char 0)
Skipping invalid JSON line: Expecting value: line 1 column 1 (char 0)
Skipping invalid JSON line: Expecting value: line 1 column 1 (char 0)
Skipping invalid JSON line: Expecting value: line 1 column 1 (char 0)
Skipping invalid JSON line: Expecting value: line 1 column 1 (char 0)
Skipping invalid JSON line: Expecting value: line 1 column 1 (char 0)
Skipping invalid JSON line: Expecting value: line 1 column 1 (char 0)
Skipping invalid JSON line: Expecting value: line 1 column 1 (char 0)
Skipping invalid JSON line: Expecting value: line 1 column 1 (char 0)
Skipping invalid JSON line: Expecting value: line 1 column 1 (char 0)
Skipping invalid JSON line: Expecting value: line 1 column 1 (char 0)
Skipping invalid JSON line: Expecting value: line 1 column 1 (char 0)
Skipping invalid JSON line: Expecting value: line 1 column 1 (char 0)
Skipping invalid JSON line: Expecting value: line 1 column 1 (char 0)
Skipping invalid JSON line: Expecting value: line 1 column 1 (char 0)
Skipping invalid JSON line: Expecting value: line 1 column 1 (char 0)
Skipping invalid JSON line: Expecting value: line 1 column 1 (char 0)
Skipping invalid JSON line: Expecting value: line 1 column 1 (char 0)
Skipping invalid JSON line: Expecting value: line 1 column 1 (char 0)
Skipping invalid JSON line: Expecting value: line 1 column 1 (char 0)
Skipping invalid JSON line: Expecting value: line 1 column 1 (char 0)
Skipping invalid JSON line: Expecting value: line 1 column 1 (char 0)
Skipping invalid JSON line: Expecting value: line 1 column 1 (char 0)
Skipping invalid JSON line: Expecting value: line 1 column 1 (char 0)
Skipping invalid JSON line: Expecting value: line 1 column 1 (char 0)
Skipping invalid JSON line: Expecting value: line 1 column 1 (char 0)
Skipping invalid JSON line: Expecting value: line 1 column 1 (char 0)
Skipping invalid JSON line: Expecting value: line 1 column 1 (char 0)
Skipping invalid JSON line: Expecting value: line 1 column 1 (char 0)
Skipping invalid JSON line: Expecting value: line 1 column 1 (char 0)
Skipping invalid JSON line: Expecting value: line 1 column 1 (char 0)
Skipping invalid JSON line: Expecting value: line 1 column 1 (char 0)
Skipping invalid JSON line: Expecting value: line 1 column 1 (char 0)
Skipping invalid JSON line: Expecting value: line 1 column 1 (char 0)
Skipping invalid JSON line: Expecting value: line 1 column 1 (char 0)
Skipping invalid JSON line: Expecting value: line 1 column 1 (char 0)
Skipping invalid JSON line: Expecting value: line 1 column 1 (char 0)
Skipping invalid JSON line: Expecting value: line 1 column 1 (char 0)
Skipping invalid JSON line: Expecting value: line 1 column 1 (char 0)
Skipping invalid JSON line: Expecting value: line 1 column 1 (char 0)
Skipping invalid JSON line: Expecting value: line 1 column 1 (char 0)
Skipping invalid JSON line: Expecting value: line 1 column 1 (char 0)
Skipping invalid JSON line: Expecting value: line 1 column 1 (char 0)
Skipping invalid JSON line: Expecting value: line 1 column 1 (char 0)
Skipping invalid JSON line: Expecting value: line 1 column 1 (char 0)
Skipping invalid JSON line: Expecting value: line 1 column 1 (char 0)
Skipping invalid JSON line: Expecting value: line 1 column 1 (char 0)
Skipping invalid JSON line: Expecting value: line 1 column 1 (char 0)
Skipping invalid JSON line: Expecting value: line 1 column 1 (char 0)
Skipping invalid JSON line: Expecting value: line 1 column 1 (char 0)
Skipping invalid JSON line: Expecting value: line 1 column 1 (char 0)
Skipping invalid JSON line: Expecting value: line 1 column 1 (char 0)
Skipping invalid JSON line: Expecting value: line 1 column 1 (char 0)
Skipping invalid JSON line: Expecting value: line 1 column 1 (char 0)
Skipping invalid JSON line: Expecting value: line 1 column 1 (char 0)
Skipping invalid JSON line: Expecting value: line 1 column 1 (char 0)
Skipping invalid JSON line: Expecting value: line 1 column 1 (char 0)
Skipping invalid JSON line: Expecting value: line 1 column 1 (char 0)
Skipping invalid JSON line: Expecting value: line 1 column 1 (char 0)
Skipping invalid JSON line: Expecting value: line 1 column 1 (char 0)
Skipping invalid JSON line: Expecting value: line 1 column 1 (char 0)
Skipping invalid JSON line: Expecting value: line 1 column 1 (char 0)
Skipping invalid JSON line: Expecting value: line 1 column 1 (char 0)
Skipping invalid JSON line: Expecting value: line 1 column 1 (char 0)
Skipping invalid JSON line: Expecting value: line 1 column 1 (char 0)
Skipping invalid JSON line: Expecting value: line 1 column 1 (char 0)
Skipping invalid JSON line: Expecting value: line 1 column 1 (char 0)
Skipping invalid JSON line: Expecting value: line 1 column 1 (char 0)
Skipping invalid JSON line: Expecting value: line 1 column 1 (char 0)
Skipping invalid JSON line: Expecting value: line 1 column 1 (char 0)
Skipping invalid JSON line: Expecting value: line 1 column 1 (char 0)
Skipping invalid JSON line: Expecting value: line 1 column 1 (char 0)
Skipping invalid JSON line: Expecting value: line 1 column 1 (char 0)
Skipping invalid JSON line: Expecting value: line 1 column 1 (char 0)
Skipping invalid JSON line: Expecting value: line 1 column 1 (char 0)
Skipping invalid JSON line: Expecting value: line 1 column 1 (char 0)
Skipping invalid JSON line: Expecting value: line 1 column 1 (char 0)
Skipping invalid JSON line: Expecting value: line 1 column 1 (char 0)
Skipping invalid JSON line: Expecting value: line 1 column 1 (char 0)
Prompts have been successfully extracted to data/extracted_prompts/train_hi.txt
Prompts have been successfully extracted to data/extracted_prompts/train_en.txt

JOB STATISTICS
==============
Job ID: 10100402
Cluster: snellius
User/Group: tchakravorty/tchakravorty
State: COMPLETED (exit code 0)
Nodes: 1
Cores per node: 32
CPU Utilized: 00:00:01
CPU Efficiency: 0.22% of 00:07:28 core-walltime
Job Wall-clock time: 00:00:14
Memory Utilized: 2.41 MB
Memory Efficiency: 0.00% of 56.00 GB
